<?xml version="1.0" encoding="UTF-8"?>
<!-- Generated by org.testng.reporters.JUnitXMLReporter -->
<testsuite ignored="0" hostname="nb-taka" failures="1" tests="3" name="Test" time="7.213" errors="0" timestamp="2021-08-23T12:44:17 PKT">
  <testcase classname="NewTest" name="f" time="0.008"/>
  <testcase classname="SignIn" name="f" time="7.162">
    <failure type="org.openqa.selenium.SessionNotCreatedException" message="session not created: This version of ChromeDriver only supports Chrome version 93
Current browser version is 92.0.4515.159 with binary path C:\Program Files\Google\Chrome\Application\chrome.exe
Build info: version: &amp;apos;4.0.0-alpha-7&amp;apos;, revision: &amp;apos;de8579b6d5&amp;apos;
System info: host: &amp;apos;NB-TAKA&amp;apos;, ip: &amp;apos;172.19.96.1&amp;apos;, os.name: &amp;apos;Windows 10&amp;apos;, os.arch: &amp;apos;amd64&amp;apos;, os.version: &amp;apos;10.0&amp;apos;, java.version: &amp;apos;11.0.11&amp;apos;
Driver info: driver.version: ChromeDriver
remote stacktrace: Backtrace:
	Ordinal0 [0x0033A2D3+2663123]
	Ordinal0 [0x002CA491+2204817]
	Ordinal0 [0x001B2118+1057048]
	Ordinal0 [0x001D041A+1180698]
	Ordinal0 [0x001CC335+1164085]
	Ordinal0 [0x001C9B7F+1153919]
	Ordinal0 [0x001F9D8F+1351055]
	Ordinal0 [0x001F99FA+1350138]
	Ordinal0 [0x001F589B+1333403]
	Ordinal0 [0x001D1F74+1187700]
	Ordinal0 [0x001D2DC9+1191369]
	GetHandleVerifier [0x004D30D6+1610054]
	GetHandleVerifier [0x0057B53B+2299307]
	GetHandleVerifier [0x003C8DA9+519705]
	GetHandleVerifier [0x003C7759+513993]
	Ordinal0 [0x002D112D+2232621]
	Ordinal0 [0x002D55F8+2250232]
	Ordinal0 [0x002D5732+2250546]
	Ordinal0 [0x002DE591+2286993]
	BaseThreadInitThunk [0x76C1FA29+25]
	RtlGetAppContainerNamedObjectPath [0x77CC7A7E+286]
	RtlGetAppContainerNamedObjectPath [0x77CC7A4E+238]
	(No symbol) [0x00000000]
">
      <![CDATA[org.openqa.selenium.SessionNotCreatedException: session not created: This version of ChromeDriver only supports Chrome version 93
Current browser version is 92.0.4515.159 with binary path C:\Program Files\Google\Chrome\Application\chrome.exe
Build info: version: '4.0.0-alpha-7', revision: 'de8579b6d5'
System info: host: 'NB-TAKA', ip: '172.19.96.1', os.name: 'Windows 10', os.arch: 'amd64', os.version: '10.0', java.version: '11.0.11'
Driver info: driver.version: ChromeDriver
remote stacktrace: Backtrace:
Ordinal0 [0x0033A2D3+2663123]
Ordinal0 [0x002CA491+2204817]
Ordinal0 [0x001B2118+1057048]
Ordinal0 [0x001D041A+1180698]
Ordinal0 [0x001CC335+1164085]
Ordinal0 [0x001C9B7F+1153919]
Ordinal0 [0x001F9D8F+1351055]
Ordinal0 [0x001F99FA+1350138]
Ordinal0 [0x001F589B+1333403]
Ordinal0 [0x001D1F74+1187700]
Ordinal0 [0x001D2DC9+1191369]
GetHandleVerifier [0x004D30D6+1610054]
GetHandleVerifier [0x0057B53B+2299307]
GetHandleVerifier [0x003C8DA9+519705]
GetHandleVerifier [0x003C7759+513993]
Ordinal0 [0x002D112D+2232621]
Ordinal0 [0x002D55F8+2250232]
Ordinal0 [0x002D5732+2250546]
Ordinal0 [0x002DE591+2286993]
BaseThreadInitThunk [0x76C1FA29+25]
RtlGetAppContainerNamedObjectPath [0x77CC7A7E+286]
RtlGetAppContainerNamedObjectPath [0x77CC7A4E+238]
(No symbol) [0x00000000]

at org.openqa.selenium.remote.W3CHandshakeResponse.lambda$errorHandler$0(W3CHandshakeResponse.java:62)
at org.openqa.selenium.remote.HandshakeResponse.lambda$getResponseFunction$0(HandshakeResponse.java:30)
at org.openqa.selenium.remote.ProtocolHandshake.lambda$createSession$1(ProtocolHandshake.java:126)
at java.base/java.util.stream.ReferencePipeline$3$1.accept(ReferencePipeline.java:195)
at java.base/java.util.Spliterators$ArraySpliterator.tryAdvance(Spliterators.java:958)
at java.base/java.util.stream.ReferencePipeline.forEachWithCancel(ReferencePipeline.java:127)
at java.base/java.util.stream.AbstractPipeline.copyIntoWithCancel(AbstractPipeline.java:502)
at java.base/java.util.stream.AbstractPipeline.copyInto(AbstractPipeline.java:488)
at java.base/java.util.stream.AbstractPipeline.wrapAndCopyInto(AbstractPipeline.java:474)
at java.base/java.util.stream.FindOps$FindOp.evaluateSequential(FindOps.java:150)
at java.base/java.util.stream.AbstractPipeline.evaluate(AbstractPipeline.java:234)
at java.base/java.util.stream.ReferencePipeline.findFirst(ReferencePipeline.java:543)
at org.openqa.selenium.remote.ProtocolHandshake.createSession(ProtocolHandshake.java:128)
at org.openqa.selenium.remote.ProtocolHandshake.createSession(ProtocolHandshake.java:75)
at org.openqa.selenium.remote.HttpCommandExecutor.execute(HttpCommandExecutor.java:139)
at org.openqa.selenium.remote.service.DriverCommandExecutor.execute(DriverCommandExecutor.java:123)
at org.openqa.selenium.remote.RemoteWebDriver.execute(RemoteWebDriver.java:501)
at org.openqa.selenium.remote.RemoteWebDriver.startSession(RemoteWebDriver.java:207)
at org.openqa.selenium.remote.RemoteWebDriver.<init>(RemoteWebDriver.java:127)
at org.openqa.selenium.chromium.ChromiumDriver.<init>(ChromiumDriver.java:93)
at org.openqa.selenium.chrome.ChromeDriver.<init>(ChromeDriver.java:163)
at org.openqa.selenium.chrome.ChromeDriver.<init>(ChromeDriver.java:150)
at org.openqa.selenium.chrome.ChromeDriver.<init>(ChromeDriver.java:105)
at SignIn.f(SignIn.java:12)
at java.base/java.util.ArrayList.forEach(ArrayList.java:1541)
... Removed 31 stack frames]]>
    </failure>
  </testcase> <!-- f -->
  <testcase classname="Signup" name="f" time="0.001"/>
</testsuite> <!-- Test -->
