<html>
<head>
<title>TestNG:  regressionsuite</title>
<link href="../testng.css" rel="stylesheet" type="text/css" />
<link href="../my-testng.css" rel="stylesheet" type="text/css" />

<style type="text/css">
.log { display: none;} 
.stack-trace { display: none;} 
</style>
<script type="text/javascript">
<!--
function flip(e) {
  current = e.style.display;
  if (current == 'block') {
    e.style.display = 'none';
    return 0;
  }
  else {
    e.style.display = 'block';
    return 1;
  }
}

function toggleBox(szDivId, elem, msg1, msg2)
{
  var res = -1;  if (document.getElementById) {
    res = flip(document.getElementById(szDivId));
  }
  else if (document.all) {
    // this is the way old msie versions work
    res = flip(document.all[szDivId]);
  }
  if(elem) {
    if(res == 0) elem.innerHTML = msg1; else elem.innerHTML = msg2;
  }

}

function toggleAllBoxes() {
  if (document.getElementsByTagName) {
    d = document.getElementsByTagName('div');
    for (i = 0; i < d.length; i++) {
      if (d[i].className == 'log') {
        flip(d[i]);
      }
    }
  }
}

// -->
</script>

</head>
<body>
<h2 align='center'>regressionsuite</h2><table border='1' align="center">
<tr>
<td>Tests passed/Failed/Skipped:</td><td>22/2/0</td>
</tr><tr>
<td>Started on:</td><td>Tue Sep 07 13:14:10 PKT 2021</td>
</tr>
<tr><td>Total time:</td><td>30 seconds (30734 ms)</td>
</tr><tr>
<td>Included groups:</td><td></td>
</tr><tr>
<td>Excluded groups:</td><td></td>
</tr>
</table><p/>
<small><i>(Hover the method name to see the test class name)</i></small><p/>
<table width='100%' border='1' class='invocation-failed'>
<tr><td colspan='4' align='center'><b>FAILED TESTS</b></td></tr>
<tr><td><b>Test method</b></td>
<td width="30%"><b>Exception</b></td>
<td width="10%"><b>Time (seconds)</b></td>
<td><b>Instance</b></td>
</tr>
<tr>
<td title='pages.SignIn.webdriver()'><b>webdriver</b><br>Test class: pages.SignIn</td>
<td><div><pre>org.openqa.selenium.WebDriverException: unknown error: Chrome failed to start: exited normally.
  (chrome not reachable)
  (The process started from chrome location C:\Program Files\Google\Chrome\Application\chrome.exe is no longer running, so ChromeDriver is assuming that Chrome has crashed.)
Build info: version: &apos;4.0.0-alpha-7&apos;, revision: &apos;de8579b6d5&apos;
System info: host: &apos;NB-TAKA&apos;, ip: &apos;172.21.16.1&apos;, os.name: &apos;Windows 10&apos;, os.arch: &apos;amd64&apos;, os.version: &apos;10.0&apos;, java.version: &apos;11.0.11&apos;
Driver info: driver.version: ChromeDriver
remote stacktrace: Backtrace:
	Ordinal0 [0x0086A2D3+2663123]
	Ordinal0 [0x007FA491+2204817]
	Ordinal0 [0x006E2118+1057048]
	Ordinal0 [0x006FD28C+1168012]
	Ordinal0 [0x006F9B7F+1153919]
	Ordinal0 [0x00729D8F+1351055]
	Ordinal0 [0x007299FA+1350138]
	Ordinal0 [0x0072589B+1333403]
	Ordinal0 [0x00701F74+1187700]
	Ordinal0 [0x00702DC9+1191369]
	GetHandleVerifier [0x00A030D6+1610054]
	GetHandleVerifier [0x00AAB53B+2299307]
	GetHandleVerifier [0x008F8DA9+519705]
	GetHandleVerifier [0x008F7759+513993]
	Ordinal0 [0x0080112D+2232621]
	Ordinal0 [0x008055F8+2250232]
	Ordinal0 [0x00805732+2250546]
	Ordinal0 [0x0080E591+2286993]
	BaseThreadInitThunk [0x7533FA29+25]
	RtlGetAppContainerNamedObjectPath [0x77067A7E+286]
	RtlGetAppContainerNamedObjectPath [0x77067A4E+238]

	at java.base/jdk.internal.reflect.NativeConstructorAccessorImpl.newInstance0(Native Method)
	at java.base/jdk.internal.reflect.NativeConstructorAccessorImpl.newInstance(NativeConstructorAccessorImpl.java:62)
	at java.base/jdk.internal.reflect.DelegatingConstructorAccessorImpl.newInstance(DelegatingConstructorAccessorImpl.java:45)
	at java.base/java.lang.reflect.Constructor.newInstance(Constructor.java:490)
	at org.openqa.selenium.remote.W3CHandshakeResponse.lambda$errorHandler$0(W3CHandshakeResponse.java:62)
	at org.openqa.selenium.remote.HandshakeResponse.lambda$getResponseFunction$0(HandshakeResponse.java:30)
	at org.openqa.selenium.remote.ProtocolHandshake.lambda$createSession$1(ProtocolHandshake.java:126)
	at java.base/java.util.stream.ReferencePipeline$3$1.accept(ReferencePipeline.java:195)
	at java.base/java.util.Spliterators$ArraySpliterator.tryAdvance(Spliterators.java:958)
	at java.base/java.util.stream.ReferencePipeline.forEachWithCancel(ReferencePipeline.java:127)
	at java.base/java.util.stream.AbstractPipeline.copyIntoWithCancel(AbstractPipeline.java:502)
	at java.base/java.util.stream.AbstractPipeline.copyInto(AbstractPipeline.java:488)
	at java.base/java.util.stream.AbstractPipeline.wrapAndCopyInto(AbstractPipeline.java:474)
	at java.base/java.util.stream.FindOps$FindOp.evaluateSequential(FindOps.java:150)
	at java.base/java.util.stream.AbstractPipeline.evaluate(AbstractPipeline.java:234)
	at java.base/java.util.stream.ReferencePipeline.findFirst(ReferencePipeline.java:543)
	at org.openqa.selenium.remote.ProtocolHandshake.createSession(ProtocolHandshake.java:128)
	at org.openqa.selenium.remote.ProtocolHandshake.createSession(ProtocolHandshake.java:75)
	at org.openqa.selenium.remote.HttpCommandExecutor.execute(HttpCommandExecutor.java:139)
	at org.openqa.selenium.remote.service.DriverCommandExecutor.execute(DriverCommandExecutor.java:123)
	at org.openqa.selenium.remote.RemoteWebDriver.execute(RemoteWebDriver.java:501)
	at org.openqa.selenium.remote.RemoteWebDriver.startSession(RemoteWebDriver.java:207)
	at org.openqa.selenium.remote.RemoteWebDriver.&lt;init&gt;(RemoteWebDriver.java:127)
	at org.openqa.selenium.chromium.ChromiumDriver.&lt;init&gt;(ChromiumDriver.java:75)
	at org.openqa.selenium.chrome.ChromeDriver.&lt;init&gt;(ChromeDriver.java:163)
	at org.openqa.selenium.chrome.ChromeDriver.&lt;init&gt;(ChromeDriver.java:150)
	at org.openqa.selenium.chrome.ChromeDriver.&lt;init&gt;(ChromeDriver.java:105)
	at pages.Base.webdriver(Base.java:19)
	at java.base/jdk.internal.reflect.NativeMethodAccessorImpl.invoke0(Native Method)
	at java.base/jdk.internal.reflect.NativeMethodAccessorImpl.invoke(NativeMethodAccessorImpl.java:62)
	at java.base/jdk.internal.reflect.DelegatingMethodAccessorImpl.invoke(DelegatingMethodAccessorImpl.java:43)
	at java.base/java.lang.reflect.Method.invoke(Method.java:566)
	at org.testng.internal.MethodInvocationHelper.invokeMethod(MethodInvocationHelper.java:133)
	at org.testng.internal.TestInvoker.invokeMethod(TestInvoker.java:598)
	at org.testng.internal.TestInvoker.invokeTestMethod(TestInvoker.java:173)
	at org.testng.internal.MethodRunner.runInSequence(MethodRunner.java:46)
	at org.testng.internal.TestInvoker$MethodInvocationAgent.invoke(TestInvoker.java:824)
	at org.testng.internal.TestInvoker.invokeTestMethods(TestInvoker.java:146)
	at org.testng.internal.TestMethodWorker.invokeTestMethods(TestMethodWorker.java:146)
	at org.testng.internal.TestMethodWorker.run(TestMethodWorker.java:128)
	at java.base/java.util.ArrayList.forEach(ArrayList.java:1541)
	at org.testng.TestRunner.privateRun(TestRunner.java:794)
	at org.testng.TestRunner.run(TestRunner.java:596)
	at org.testng.SuiteRunner.runTest(SuiteRunner.java:377)
	at org.testng.SuiteRunner.runSequentially(SuiteRunner.java:371)
	at org.testng.SuiteRunner.privateRun(SuiteRunner.java:332)
	at org.testng.SuiteRunner.run(SuiteRunner.java:276)
	at org.testng.SuiteRunnerWorker.runSuite(SuiteRunnerWorker.java:53)
	at org.testng.SuiteRunnerWorker.run(SuiteRunnerWorker.java:96)
	at org.testng.TestNG.runSuitesSequentially(TestNG.java:1212)
	at org.testng.TestNG.runSuitesLocally(TestNG.java:1134)
	at org.testng.TestNG.runSuites(TestNG.java:1063)
	at org.testng.TestNG.run(TestNG.java:1031)
	at org.testng.remote.AbstractRemoteTestNG.run(AbstractRemoteTestNG.java:115)
	at org.testng.remote.RemoteTestNG.initAndRun(RemoteTestNG.java:251)
	at org.testng.remote.RemoteTestNG.main(RemoteTestNG.java:77)
</pre></div><a href='#' onClick='toggleBox("stack-trace253558788", this, "Click to show all stack frames", "Click to hide stack frames")'>Click to show all stack frames</a>
<div class='stack-trace' id='stack-trace253558788'><pre>org.openqa.selenium.WebDriverException: unknown error: Chrome failed to start: exited normally.
  (chrome not reachable)
  (The process started from chrome location C:\Program Files\Google\Chrome\Application\chrome.exe is no longer running, so ChromeDriver is assuming that Chrome has crashed.)
Build info: version: &apos;4.0.0-alpha-7&apos;, revision: &apos;de8579b6d5&apos;
System info: host: &apos;NB-TAKA&apos;, ip: &apos;172.21.16.1&apos;, os.name: &apos;Windows 10&apos;, os.arch: &apos;amd64&apos;, os.version: &apos;10.0&apos;, java.version: &apos;11.0.11&apos;
Driver info: driver.version: ChromeDriver
remote stacktrace: Backtrace:
	Ordinal0 [0x0086A2D3+2663123]
	Ordinal0 [0x007FA491+2204817]
	Ordinal0 [0x006E2118+1057048]
	Ordinal0 [0x006FD28C+1168012]
	Ordinal0 [0x006F9B7F+1153919]
	Ordinal0 [0x00729D8F+1351055]
	Ordinal0 [0x007299FA+1350138]
	Ordinal0 [0x0072589B+1333403]
	Ordinal0 [0x00701F74+1187700]
	Ordinal0 [0x00702DC9+1191369]
	GetHandleVerifier [0x00A030D6+1610054]
	GetHandleVerifier [0x00AAB53B+2299307]
	GetHandleVerifier [0x008F8DA9+519705]
	GetHandleVerifier [0x008F7759+513993]
	Ordinal0 [0x0080112D+2232621]
	Ordinal0 [0x008055F8+2250232]
	Ordinal0 [0x00805732+2250546]
	Ordinal0 [0x0080E591+2286993]
	BaseThreadInitThunk [0x7533FA29+25]
	RtlGetAppContainerNamedObjectPath [0x77067A7E+286]
	RtlGetAppContainerNamedObjectPath [0x77067A4E+238]

	at java.base/jdk.internal.reflect.NativeConstructorAccessorImpl.newInstance0(Native Method)
	at java.base/jdk.internal.reflect.NativeConstructorAccessorImpl.newInstance(NativeConstructorAccessorImpl.java:62)
	at java.base/jdk.internal.reflect.DelegatingConstructorAccessorImpl.newInstance(DelegatingConstructorAccessorImpl.java:45)
	at java.base/java.lang.reflect.Constructor.newInstance(Constructor.java:490)
	at org.openqa.selenium.remote.W3CHandshakeResponse.lambda$errorHandler$0(W3CHandshakeResponse.java:62)
	at org.openqa.selenium.remote.HandshakeResponse.lambda$getResponseFunction$0(HandshakeResponse.java:30)
	at org.openqa.selenium.remote.ProtocolHandshake.lambda$createSession$1(ProtocolHandshake.java:126)
	at java.base/java.util.stream.ReferencePipeline$3$1.accept(ReferencePipeline.java:195)
	at java.base/java.util.Spliterators$ArraySpliterator.tryAdvance(Spliterators.java:958)
	at java.base/java.util.stream.ReferencePipeline.forEachWithCancel(ReferencePipeline.java:127)
	at java.base/java.util.stream.AbstractPipeline.copyIntoWithCancel(AbstractPipeline.java:502)
	at java.base/java.util.stream.AbstractPipeline.copyInto(AbstractPipeline.java:488)
	at java.base/java.util.stream.AbstractPipeline.wrapAndCopyInto(AbstractPipeline.java:474)
	at java.base/java.util.stream.FindOps$FindOp.evaluateSequential(FindOps.java:150)
	at java.base/java.util.stream.AbstractPipeline.evaluate(AbstractPipeline.java:234)
	at java.base/java.util.stream.ReferencePipeline.findFirst(ReferencePipeline.java:543)
	at org.openqa.selenium.remote.ProtocolHandshake.createSession(ProtocolHandshake.java:128)
	at org.openqa.selenium.remote.ProtocolHandshake.createSession(ProtocolHandshake.java:75)
	at org.openqa.selenium.remote.HttpCommandExecutor.execute(HttpCommandExecutor.java:139)
	at org.openqa.selenium.remote.service.DriverCommandExecutor.execute(DriverCommandExecutor.java:123)
	at org.openqa.selenium.remote.RemoteWebDriver.execute(RemoteWebDriver.java:501)
	at org.openqa.selenium.remote.RemoteWebDriver.startSession(RemoteWebDriver.java:207)
	at org.openqa.selenium.remote.RemoteWebDriver.&lt;init&gt;(RemoteWebDriver.java:127)
	at org.openqa.selenium.chromium.ChromiumDriver.&lt;init&gt;(ChromiumDriver.java:75)
	at org.openqa.selenium.chrome.ChromeDriver.&lt;init&gt;(ChromeDriver.java:163)
	at org.openqa.selenium.chrome.ChromeDriver.&lt;init&gt;(ChromeDriver.java:150)
	at org.openqa.selenium.chrome.ChromeDriver.&lt;init&gt;(ChromeDriver.java:105)
	at pages.Base.webdriver(Base.java:19)
	at java.base/jdk.internal.reflect.NativeMethodAccessorImpl.invoke0(Native Method)
	at java.base/jdk.internal.reflect.NativeMethodAccessorImpl.invoke(NativeMethodAccessorImpl.java:62)
	at java.base/jdk.internal.reflect.DelegatingMethodAccessorImpl.invoke(DelegatingMethodAccessorImpl.java:43)
	at java.base/java.lang.reflect.Method.invoke(Method.java:566)
	at org.testng.internal.MethodInvocationHelper.invokeMethod(MethodInvocationHelper.java:133)
	at org.testng.internal.TestInvoker.invokeMethod(TestInvoker.java:598)
	at org.testng.internal.TestInvoker.invokeTestMethod(TestInvoker.java:173)
	at org.testng.internal.MethodRunner.runInSequence(MethodRunner.java:46)
	at org.testng.internal.TestInvoker$MethodInvocationAgent.invoke(TestInvoker.java:824)
	at org.testng.internal.TestInvoker.invokeTestMethods(TestInvoker.java:146)
	at org.testng.internal.TestMethodWorker.invokeTestMethods(TestMethodWorker.java:146)
	at org.testng.internal.TestMethodWorker.run(TestMethodWorker.java:128)
	at java.base/java.util.ArrayList.forEach(ArrayList.java:1541)
	at org.testng.TestRunner.privateRun(TestRunner.java:794)
	at org.testng.TestRunner.run(TestRunner.java:596)
	at org.testng.SuiteRunner.runTest(SuiteRunner.java:377)
	at org.testng.SuiteRunner.runSequentially(SuiteRunner.java:371)
	at org.testng.SuiteRunner.privateRun(SuiteRunner.java:332)
	at org.testng.SuiteRunner.run(SuiteRunner.java:276)
	at org.testng.SuiteRunnerWorker.runSuite(SuiteRunnerWorker.java:53)
	at org.testng.SuiteRunnerWorker.run(SuiteRunnerWorker.java:96)
	at org.testng.TestNG.runSuitesSequentially(TestNG.java:1212)
	at org.testng.TestNG.runSuitesLocally(TestNG.java:1134)
	at org.testng.TestNG.runSuites(TestNG.java:1063)
	at org.testng.TestNG.run(TestNG.java:1031)
	at org.testng.remote.AbstractRemoteTestNG.run(AbstractRemoteTestNG.java:115)
	at org.testng.remote.RemoteTestNG.initAndRun(RemoteTestNG.java:251)
	at org.testng.remote.RemoteTestNG.main(RemoteTestNG.java:77)
</pre></div></td>
<td>5</td>
<td>pages.SignIn@201a4587</td></tr>
<tr>
<td title='pages.SignIn.nevigations()'><b>nevigations</b><br>Test class: pages.SignIn<br>Parameters: https://www.facebook.com/</td>
<td><div><pre>org.openqa.selenium.SessionNotCreatedException: session not created
from disconnected: received Inspector.detached event
  (Session info: chrome=93.0.4577.63)
Build info: version: &apos;4.0.0-alpha-7&apos;, revision: &apos;de8579b6d5&apos;
System info: host: &apos;NB-TAKA&apos;, ip: &apos;172.21.16.1&apos;, os.name: &apos;Windows 10&apos;, os.arch: &apos;amd64&apos;, os.version: &apos;10.0&apos;, java.version: &apos;11.0.11&apos;
Driver info: driver.version: ChromeDriver
remote stacktrace: Backtrace:
	Ordinal0 [0x0086A2D3+2663123]
	Ordinal0 [0x007FA491+2204817]
	Ordinal0 [0x006E2118+1057048]
	Ordinal0 [0x006D54F4+1004788]
	Ordinal0 [0x006D5136+1003830]
	Ordinal0 [0x006D487A+1001594]
	Ordinal0 [0x006D3A0D+997901]
	Ordinal0 [0x006D3CC6+998598]
	Ordinal0 [0x006D35B5+996789]
	Ordinal0 [0x006DE1C4+1040836]
	Ordinal0 [0x006D3571+996721]
	Ordinal0 [0x006D4496+1000598]
	Ordinal0 [0x006D3A0D+997901]
	Ordinal0 [0x006D3CC6+998598]
	Ordinal0 [0x006D35B5+996789]
	Ordinal0 [0x006DC1AA+1032618]
	Ordinal0 [0x006D3571+996721]
	Ordinal0 [0x006D4496+1000598]
	Ordinal0 [0x006D3A0D+997901]
	Ordinal0 [0x006D3CC6+998598]
	Ordinal0 [0x006D35B5+996789]
	Ordinal0 [0x006DA039+1024057]
	Ordinal0 [0x006D3571+996721]
	Ordinal0 [0x006D4496+1000598]
	Ordinal0 [0x006D3A0D+997901]
	Ordinal0 [0x006D3CC6+998598]
	Ordinal0 [0x006D35B5+996789]
	Ordinal0 [0x006D935C+1020764]
	Ordinal0 [0x006D3571+996721]
	Ordinal0 [0x006D4496+1000598]
	Ordinal0 [0x006D3A0D+997901]
	Ordinal0 [0x006D3CC6+998598]
	Ordinal0 [0x006D35B5+996789]
	Ordinal0 [0x006CF19D+979357]
	Ordinal0 [0x006D3571+996721]
	Ordinal0 [0x006D3310+996112]
	Ordinal0 [0x006D30A9+995497]
	Ordinal0 [0x006E3330+1061680]
	Ordinal0 [0x0072AD29+1355049]
	Ordinal0 [0x007299FA+1350138]
	Ordinal0 [0x0072589B+1333403]
	Ordinal0 [0x00701F74+1187700]
	Ordinal0 [0x00702DC9+1191369]
	GetHandleVerifier [0x00A030D6+1610054]
	GetHandleVerifier [0x00AAB53B+2299307]
	GetHandleVerifier [0x008F8DA9+519705]
	GetHandleVerifier [0x008F7759+513993]
	Ordinal0 [0x0080112D+2232621]
	Ordinal0 [0x008055F8+2250232]
	Ordinal0 [0x00805732+2250546]
	Ordinal0 [0x0080E591+2286993]
	BaseThreadInitThunk [0x7533FA29+25]
	RtlGetAppContainerNamedObjectPath [0x77067A7E+286]
	RtlGetAppContainerNamedObjectPath [0x77067A4E+238]

	at java.base/jdk.internal.reflect.NativeConstructorAccessorImpl.newInstance0(Native Method)
	at java.base/jdk.internal.reflect.NativeConstructorAccessorImpl.newInstance(NativeConstructorAccessorImpl.java:62)
	at java.base/jdk.internal.reflect.DelegatingConstructorAccessorImpl.newInstance(DelegatingConstructorAccessorImpl.java:45)
	at java.base/java.lang.reflect.Constructor.newInstance(Constructor.java:490)
	at org.openqa.selenium.remote.W3CHandshakeResponse.lambda$errorHandler$0(W3CHandshakeResponse.java:62)
	at org.openqa.selenium.remote.HandshakeResponse.lambda$getResponseFunction$0(HandshakeResponse.java:30)
	at org.openqa.selenium.remote.ProtocolHandshake.lambda$createSession$1(ProtocolHandshake.java:126)
	at java.base/java.util.stream.ReferencePipeline$3$1.accept(ReferencePipeline.java:195)
	at java.base/java.util.Spliterators$ArraySpliterator.tryAdvance(Spliterators.java:958)
	at java.base/java.util.stream.ReferencePipeline.forEachWithCancel(ReferencePipeline.java:127)
	at java.base/java.util.stream.AbstractPipeline.copyIntoWithCancel(AbstractPipeline.java:502)
	at java.base/java.util.stream.AbstractPipeline.copyInto(AbstractPipeline.java:488)
	at java.base/java.util.stream.AbstractPipeline.wrapAndCopyInto(AbstractPipeline.java:474)
	at java.base/java.util.stream.FindOps$FindOp.evaluateSequential(FindOps.java:150)
	at java.base/java.util.stream.AbstractPipeline.evaluate(AbstractPipeline.java:234)
	at java.base/java.util.stream.ReferencePipeline.findFirst(ReferencePipeline.java:543)
	at org.openqa.selenium.remote.ProtocolHandshake.createSession(ProtocolHandshake.java:128)
	at org.openqa.selenium.remote.ProtocolHandshake.createSession(ProtocolHandshake.java:75)
	at org.openqa.selenium.remote.HttpCommandExecutor.execute(HttpCommandExecutor.java:139)
	at org.openqa.selenium.remote.service.DriverCommandExecutor.execute(DriverCommandExecutor.java:123)
	at org.openqa.selenium.remote.RemoteWebDriver.execute(RemoteWebDriver.java:501)
	at org.openqa.selenium.remote.RemoteWebDriver.startSession(RemoteWebDriver.java:207)
	at org.openqa.selenium.remote.RemoteWebDriver.&lt;init&gt;(RemoteWebDriver.java:127)
	at org.openqa.selenium.chromium.ChromiumDriver.&lt;init&gt;(ChromiumDriver.java:75)
	at org.openqa.selenium.chrome.ChromeDriver.&lt;init&gt;(ChromeDriver.java:163)
	at org.openqa.selenium.chrome.ChromeDriver.&lt;init&gt;(ChromeDriver.java:150)
	at org.openqa.selenium.chrome.ChromeDriver.&lt;init&gt;(ChromeDriver.java:105)
	at pages.Base.webdriver(Base.java:19)
	at pages.Base.Setup(Base.java:25)
	at pages.Base.nevigations(Base.java:33)
	at java.base/jdk.internal.reflect.NativeMethodAccessorImpl.invoke0(Native Method)
	at java.base/jdk.internal.reflect.NativeMethodAccessorImpl.invoke(NativeMethodAccessorImpl.java:62)
	at java.base/jdk.internal.reflect.DelegatingMethodAccessorImpl.invoke(DelegatingMethodAccessorImpl.java:43)
	at java.base/java.lang.reflect.Method.invoke(Method.java:566)
	at org.testng.internal.MethodInvocationHelper.invokeMethod(MethodInvocationHelper.java:133)
	at org.testng.internal.TestInvoker.invokeMethod(TestInvoker.java:598)
	at org.testng.internal.TestInvoker.invokeTestMethod(TestInvoker.java:173)
	at org.testng.internal.MethodRunner.runInSequence(MethodRunner.java:46)
	at org.testng.internal.TestInvoker$MethodInvocationAgent.invoke(TestInvoker.java:824)
	at org.testng.internal.TestInvoker.invokeTestMethods(TestInvoker.java:146)
	at org.testng.internal.TestMethodWorker.invokeTestMethods(TestMethodWorker.java:146)
	at org.testng.internal.TestMethodWorker.run(TestMethodWorker.java:128)
	at java.base/java.util.ArrayList.forEach(ArrayList.java:1541)
	at org.testng.TestRunner.privateRun(TestRunner.java:794)
	at org.testng.TestRunner.run(TestRunner.java:596)
	at org.testng.SuiteRunner.runTest(SuiteRunner.java:377)
	at org.testng.SuiteRunner.runSequentially(SuiteRunner.java:371)
	at org.testng.SuiteRunner.privateRun(SuiteRunner.java:332)
	at org.testng.SuiteRunner.run(SuiteRunner.java:276)
	at org.testng.SuiteRunnerWorker.runSuite(SuiteRunnerWorker.java:53)
	at org.testng.SuiteRunnerWorker.run(SuiteRunnerWorker.java:96)
	at org.testng.TestNG.runSuitesSequentially(TestNG.java:1212)
	at org.testng.TestNG.runSuitesLocally(TestNG.java:1134)
	at org.testng.TestNG.runSuites(TestNG.java:1063)
	at org.testng.TestNG.run(TestNG.java:1031)
	at org.testng.remote.AbstractRemoteTestNG.run(AbstractRemoteTestNG.java:115)
	at org.testng.remote.RemoteTestNG.initAndRun(RemoteTestNG.java:251)
	at org.testng.remote.RemoteTestNG.main(RemoteTestNG.java:77)
</pre></div><a href='#' onClick='toggleBox("stack-trace912790599", this, "Click to show all stack frames", "Click to hide stack frames")'>Click to show all stack frames</a>
<div class='stack-trace' id='stack-trace912790599'><pre>org.openqa.selenium.SessionNotCreatedException: session not created
from disconnected: received Inspector.detached event
  (Session info: chrome=93.0.4577.63)
Build info: version: &apos;4.0.0-alpha-7&apos;, revision: &apos;de8579b6d5&apos;
System info: host: &apos;NB-TAKA&apos;, ip: &apos;172.21.16.1&apos;, os.name: &apos;Windows 10&apos;, os.arch: &apos;amd64&apos;, os.version: &apos;10.0&apos;, java.version: &apos;11.0.11&apos;
Driver info: driver.version: ChromeDriver
remote stacktrace: Backtrace:
	Ordinal0 [0x0086A2D3+2663123]
	Ordinal0 [0x007FA491+2204817]
	Ordinal0 [0x006E2118+1057048]
	Ordinal0 [0x006D54F4+1004788]
	Ordinal0 [0x006D5136+1003830]
	Ordinal0 [0x006D487A+1001594]
	Ordinal0 [0x006D3A0D+997901]
	Ordinal0 [0x006D3CC6+998598]
	Ordinal0 [0x006D35B5+996789]
	Ordinal0 [0x006DE1C4+1040836]
	Ordinal0 [0x006D3571+996721]
	Ordinal0 [0x006D4496+1000598]
	Ordinal0 [0x006D3A0D+997901]
	Ordinal0 [0x006D3CC6+998598]
	Ordinal0 [0x006D35B5+996789]
	Ordinal0 [0x006DC1AA+1032618]
	Ordinal0 [0x006D3571+996721]
	Ordinal0 [0x006D4496+1000598]
	Ordinal0 [0x006D3A0D+997901]
	Ordinal0 [0x006D3CC6+998598]
	Ordinal0 [0x006D35B5+996789]
	Ordinal0 [0x006DA039+1024057]
	Ordinal0 [0x006D3571+996721]
	Ordinal0 [0x006D4496+1000598]
	Ordinal0 [0x006D3A0D+997901]
	Ordinal0 [0x006D3CC6+998598]
	Ordinal0 [0x006D35B5+996789]
	Ordinal0 [0x006D935C+1020764]
	Ordinal0 [0x006D3571+996721]
	Ordinal0 [0x006D4496+1000598]
	Ordinal0 [0x006D3A0D+997901]
	Ordinal0 [0x006D3CC6+998598]
	Ordinal0 [0x006D35B5+996789]
	Ordinal0 [0x006CF19D+979357]
	Ordinal0 [0x006D3571+996721]
	Ordinal0 [0x006D3310+996112]
	Ordinal0 [0x006D30A9+995497]
	Ordinal0 [0x006E3330+1061680]
	Ordinal0 [0x0072AD29+1355049]
	Ordinal0 [0x007299FA+1350138]
	Ordinal0 [0x0072589B+1333403]
	Ordinal0 [0x00701F74+1187700]
	Ordinal0 [0x00702DC9+1191369]
	GetHandleVerifier [0x00A030D6+1610054]
	GetHandleVerifier [0x00AAB53B+2299307]
	GetHandleVerifier [0x008F8DA9+519705]
	GetHandleVerifier [0x008F7759+513993]
	Ordinal0 [0x0080112D+2232621]
	Ordinal0 [0x008055F8+2250232]
	Ordinal0 [0x00805732+2250546]
	Ordinal0 [0x0080E591+2286993]
	BaseThreadInitThunk [0x7533FA29+25]
	RtlGetAppContainerNamedObjectPath [0x77067A7E+286]
	RtlGetAppContainerNamedObjectPath [0x77067A4E+238]

	at java.base/jdk.internal.reflect.NativeConstructorAccessorImpl.newInstance0(Native Method)
	at java.base/jdk.internal.reflect.NativeConstructorAccessorImpl.newInstance(NativeConstructorAccessorImpl.java:62)
	at java.base/jdk.internal.reflect.DelegatingConstructorAccessorImpl.newInstance(DelegatingConstructorAccessorImpl.java:45)
	at java.base/java.lang.reflect.Constructor.newInstance(Constructor.java:490)
	at org.openqa.selenium.remote.W3CHandshakeResponse.lambda$errorHandler$0(W3CHandshakeResponse.java:62)
	at org.openqa.selenium.remote.HandshakeResponse.lambda$getResponseFunction$0(HandshakeResponse.java:30)
	at org.openqa.selenium.remote.ProtocolHandshake.lambda$createSession$1(ProtocolHandshake.java:126)
	at java.base/java.util.stream.ReferencePipeline$3$1.accept(ReferencePipeline.java:195)
	at java.base/java.util.Spliterators$ArraySpliterator.tryAdvance(Spliterators.java:958)
	at java.base/java.util.stream.ReferencePipeline.forEachWithCancel(ReferencePipeline.java:127)
	at java.base/java.util.stream.AbstractPipeline.copyIntoWithCancel(AbstractPipeline.java:502)
	at java.base/java.util.stream.AbstractPipeline.copyInto(AbstractPipeline.java:488)
	at java.base/java.util.stream.AbstractPipeline.wrapAndCopyInto(AbstractPipeline.java:474)
	at java.base/java.util.stream.FindOps$FindOp.evaluateSequential(FindOps.java:150)
	at java.base/java.util.stream.AbstractPipeline.evaluate(AbstractPipeline.java:234)
	at java.base/java.util.stream.ReferencePipeline.findFirst(ReferencePipeline.java:543)
	at org.openqa.selenium.remote.ProtocolHandshake.createSession(ProtocolHandshake.java:128)
	at org.openqa.selenium.remote.ProtocolHandshake.createSession(ProtocolHandshake.java:75)
	at org.openqa.selenium.remote.HttpCommandExecutor.execute(HttpCommandExecutor.java:139)
	at org.openqa.selenium.remote.service.DriverCommandExecutor.execute(DriverCommandExecutor.java:123)
	at org.openqa.selenium.remote.RemoteWebDriver.execute(RemoteWebDriver.java:501)
	at org.openqa.selenium.remote.RemoteWebDriver.startSession(RemoteWebDriver.java:207)
	at org.openqa.selenium.remote.RemoteWebDriver.&lt;init&gt;(RemoteWebDriver.java:127)
	at org.openqa.selenium.chromium.ChromiumDriver.&lt;init&gt;(ChromiumDriver.java:75)
	at org.openqa.selenium.chrome.ChromeDriver.&lt;init&gt;(ChromeDriver.java:163)
	at org.openqa.selenium.chrome.ChromeDriver.&lt;init&gt;(ChromeDriver.java:150)
	at org.openqa.selenium.chrome.ChromeDriver.&lt;init&gt;(ChromeDriver.java:105)
	at pages.Base.webdriver(Base.java:19)
	at pages.Base.Setup(Base.java:25)
	at pages.Base.nevigations(Base.java:33)
	at java.base/jdk.internal.reflect.NativeMethodAccessorImpl.invoke0(Native Method)
	at java.base/jdk.internal.reflect.NativeMethodAccessorImpl.invoke(NativeMethodAccessorImpl.java:62)
	at java.base/jdk.internal.reflect.DelegatingMethodAccessorImpl.invoke(DelegatingMethodAccessorImpl.java:43)
	at java.base/java.lang.reflect.Method.invoke(Method.java:566)
	at org.testng.internal.MethodInvocationHelper.invokeMethod(MethodInvocationHelper.java:133)
	at org.testng.internal.TestInvoker.invokeMethod(TestInvoker.java:598)
	at org.testng.internal.TestInvoker.invokeTestMethod(TestInvoker.java:173)
	at org.testng.internal.MethodRunner.runInSequence(MethodRunner.java:46)
	at org.testng.internal.TestInvoker$MethodInvocationAgent.invoke(TestInvoker.java:824)
	at org.testng.internal.TestInvoker.invokeTestMethods(TestInvoker.java:146)
	at org.testng.internal.TestMethodWorker.invokeTestMethods(TestMethodWorker.java:146)
	at org.testng.internal.TestMethodWorker.run(TestMethodWorker.java:128)
	at java.base/java.util.ArrayList.forEach(ArrayList.java:1541)
	at org.testng.TestRunner.privateRun(TestRunner.java:794)
	at org.testng.TestRunner.run(TestRunner.java:596)
	at org.testng.SuiteRunner.runTest(SuiteRunner.java:377)
	at org.testng.SuiteRunner.runSequentially(SuiteRunner.java:371)
	at org.testng.SuiteRunner.privateRun(SuiteRunner.java:332)
	at org.testng.SuiteRunner.run(SuiteRunner.java:276)
	at org.testng.SuiteRunnerWorker.runSuite(SuiteRunnerWorker.java:53)
	at org.testng.SuiteRunnerWorker.run(SuiteRunnerWorker.java:96)
	at org.testng.TestNG.runSuitesSequentially(TestNG.java:1212)
	at org.testng.TestNG.runSuitesLocally(TestNG.java:1134)
	at org.testng.TestNG.runSuites(TestNG.java:1063)
	at org.testng.TestNG.run(TestNG.java:1031)
	at org.testng.remote.AbstractRemoteTestNG.run(AbstractRemoteTestNG.java:115)
	at org.testng.remote.RemoteTestNG.initAndRun(RemoteTestNG.java:251)
	at org.testng.remote.RemoteTestNG.main(RemoteTestNG.java:77)
</pre></div></td>
<td>1</td>
<td>pages.SignIn@201a4587</td></tr>
</table><p>
<table width='100%' border='1' class='invocation-passed'>
<tr><td colspan='4' align='center'><b>PASSED TESTS</b></td></tr>
<tr><td><b>Test method</b></td>
<td width="30%"><b>Exception</b></td>
<td width="10%"><b>Time (seconds)</b></td>
<td><b>Instance</b></td>
</tr>
<tr>
<td title='pages.SignIn.driverquit()'><b>driverquit</b><br>Test class: pages.SignIn</td>
<td></td>
<td>0</td>
<td>pages.SignIn@201a4587</td></tr>
<tr>
<td title='pages.SignIn.shortsleep()'><b>shortsleep</b><br>Test class: pages.SignIn</td>
<td></td>
<td>0</td>
<td>pages.SignIn@201a4587</td></tr>
<tr>
<td title='tests.Signintests.Signinwithinvalidpassword()'><b>Signinwithinvalidpassword</b><br>Test class: tests.Signintests</td>
<td></td>
<td>0</td>
<td>tests.Signintests@61001b64</td></tr>
<tr>
<td title='tests.Signintests.Signinwithinvalidusername()'><b>Signinwithinvalidusername</b><br>Test class: tests.Signintests</td>
<td></td>
<td>0</td>
<td>tests.Signintests@61001b64</td></tr>
<tr>
<td title='tests.Signintests.Signinwithinvalidemailforgotpassword()'><b>Signinwithinvalidemailforgotpassword</b><br>Test class: tests.Signintests</td>
<td></td>
<td>0</td>
<td>tests.Signintests@61001b64</td></tr>
<tr>
<td title='pages.Homepage.f()'><b>f</b><br>Test class: pages.Homepage</td>
<td></td>
<td>0</td>
<td>pages.Homepage@4310d43</td></tr>
<tr>
<td title='pages.SignIn.landingpage()'><b>landingpage</b><br>Test class: pages.SignIn<br>Parameters: https://www.facebook.com/</td>
<td></td>
<td>3</td>
<td>pages.SignIn@201a4587</td></tr>
<tr>
<td title='pages.SignIn.verifySignInscreen()'><b>verifySignInscreen</b><br>Test class: pages.SignIn</td>
<td></td>
<td>0</td>
<td>pages.SignIn@201a4587</td></tr>
<tr>
<td title='tests.Signintests.Signinwithvalidcreds()'><b>Signinwithvalidcreds</b><br>Test class: tests.Signintests</td>
<td></td>
<td>0</td>
<td>tests.Signintests@61001b64</td></tr>
<tr>
<td title='pages.Base.webdriver()'><b>webdriver</b><br>Test class: pages.Base</td>
<td></td>
<td>1</td>
<td>pages.Base@2805d709</td></tr>
<tr>
<td title='tests.Signintests.Signinwithemptycreds()'><b>Signinwithemptycreds</b><br>Test class: tests.Signintests</td>
<td></td>
<td>0</td>
<td>tests.Signintests@61001b64</td></tr>
<tr>
<td title='tests.Signintests.Signinwithinvalidusenameandpassword()'><b>Signinwithinvalidusenameandpassword</b><br>Test class: tests.Signintests</td>
<td></td>
<td>0</td>
<td>tests.Signintests@61001b64</td></tr>
<tr>
<td title='pages.Base.longsleep()'><b>longsleep</b><br>Test class: pages.Base</td>
<td></td>
<td>0</td>
<td>pages.Base@2805d709</td></tr>
<tr>
<td title='pages.Base.shortsleep()'><b>shortsleep</b><br>Test class: pages.Base</td>
<td></td>
<td>0</td>
<td>pages.Base@2805d709</td></tr>
<tr>
<td title='pages.SignIn.pageload()'><b>pageload</b><br>Test class: pages.SignIn</td>
<td></td>
<td>0</td>
<td>pages.SignIn@201a4587</td></tr>
<tr>
<td title='pages.SignIn.Setup()'><b>Setup</b><br>Test class: pages.SignIn<br>Parameters: https://www.facebook.com/</td>
<td></td>
<td>3</td>
<td>pages.SignIn@201a4587</td></tr>
<tr>
<td title='pages.Base.Setup()'><b>Setup</b><br>Test class: pages.Base<br>Parameters: https://www.facebook.com/</td>
<td></td>
<td>7</td>
<td>pages.Base@2805d709</td></tr>
<tr>
<td title='pages.Base.pageload()'><b>pageload</b><br>Test class: pages.Base</td>
<td></td>
<td>0</td>
<td>pages.Base@2805d709</td></tr>
<tr>
<td title='pages.SignIn.longsleep()'><b>longsleep</b><br>Test class: pages.SignIn</td>
<td></td>
<td>0</td>
<td>pages.SignIn@201a4587</td></tr>
<tr>
<td title='pages.Base.driverquit()'><b>driverquit</b><br>Test class: pages.Base</td>
<td></td>
<td>0</td>
<td>pages.Base@2805d709</td></tr>
<tr>
<td title='pages.Base.nevigations()'><b>nevigations</b><br>Test class: pages.Base<br>Parameters: https://www.facebook.com/</td>
<td></td>
<td>5</td>
<td>pages.Base@2805d709</td></tr>
<tr>
<td title='tests.Signintests.Signinwithvalidemailforgotpassword()'><b>Signinwithvalidemailforgotpassword</b><br>Test class: tests.Signintests</td>
<td></td>
<td>0</td>
<td>tests.Signintests@61001b64</td></tr>
</table><p>
</body>
</html>