<?xml version="1.0" encoding="UTF-8"?>
<!-- Generated by org.testng.reporters.JUnitXMLReporter -->
<testsuite ignored="0" hostname="nb-taka" failures="2" tests="24" name="regressionsuite" time="30.734" errors="0" timestamp="2021-09-07T13:14:41 PKT">
  <testcase classname="pages.Base" name="Setup" time="7.633"/>
  <testcase classname="pages.Base" name="driverquit" time="0.701"/>
  <testcase classname="pages.Base" name="longsleep" time="0.003"/>
  <testcase classname="pages.Base" name="nevigations" time="5.197"/>
  <testcase classname="pages.Base" name="pageload" time="0.002"/>
  <testcase classname="pages.Base" name="shortsleep" time="0.001"/>
  <testcase classname="pages.Base" name="webdriver" time="1.557"/>
  <testcase classname="pages.Base" name="Setup" time="3.868"/>
  <testcase classname="pages.Base" name="driverquit" time="0.691"/>
  <testcase classname="pages.Base" name="longsleep" time="0.001"/>
  <testcase classname="pages.Base" name="nevigations" time="1.671">
    <failure type="org.openqa.selenium.SessionNotCreatedException" message="session not created
from disconnected: received Inspector.detached event
  (Session info: chrome=93.0.4577.63)
Build info: version: &amp;apos;4.0.0-alpha-7&amp;apos;, revision: &amp;apos;de8579b6d5&amp;apos;
System info: host: &amp;apos;NB-TAKA&amp;apos;, ip: &amp;apos;172.21.16.1&amp;apos;, os.name: &amp;apos;Windows 10&amp;apos;, os.arch: &amp;apos;amd64&amp;apos;, os.version: &amp;apos;10.0&amp;apos;, java.version: &amp;apos;11.0.11&amp;apos;
Driver info: driver.version: ChromeDriver
remote stacktrace: Backtrace:
	Ordinal0 [0x0086A2D3+2663123]
	Ordinal0 [0x007FA491+2204817]
	Ordinal0 [0x006E2118+1057048]
	Ordinal0 [0x006D54F4+1004788]
	Ordinal0 [0x006D5136+1003830]
	Ordinal0 [0x006D487A+1001594]
	Ordinal0 [0x006D3A0D+997901]
	Ordinal0 [0x006D3CC6+998598]
	Ordinal0 [0x006D35B5+996789]
	Ordinal0 [0x006DE1C4+1040836]
	Ordinal0 [0x006D3571+996721]
	Ordinal0 [0x006D4496+1000598]
	Ordinal0 [0x006D3A0D+997901]
	Ordinal0 [0x006D3CC6+998598]
	Ordinal0 [0x006D35B5+996789]
	Ordinal0 [0x006DC1AA+1032618]
	Ordinal0 [0x006D3571+996721]
	Ordinal0 [0x006D4496+1000598]
	Ordinal0 [0x006D3A0D+997901]
	Ordinal0 [0x006D3CC6+998598]
	Ordinal0 [0x006D35B5+996789]
	Ordinal0 [0x006DA039+1024057]
	Ordinal0 [0x006D3571+996721]
	Ordinal0 [0x006D4496+1000598]
	Ordinal0 [0x006D3A0D+997901]
	Ordinal0 [0x006D3CC6+998598]
	Ordinal0 [0x006D35B5+996789]
	Ordinal0 [0x006D935C+1020764]
	Ordinal0 [0x006D3571+996721]
	Ordinal0 [0x006D4496+1000598]
	Ordinal0 [0x006D3A0D+997901]
	Ordinal0 [0x006D3CC6+998598]
	Ordinal0 [0x006D35B5+996789]
	Ordinal0 [0x006CF19D+979357]
	Ordinal0 [0x006D3571+996721]
	Ordinal0 [0x006D3310+996112]
	Ordinal0 [0x006D30A9+995497]
	Ordinal0 [0x006E3330+1061680]
	Ordinal0 [0x0072AD29+1355049]
	Ordinal0 [0x007299FA+1350138]
	Ordinal0 [0x0072589B+1333403]
	Ordinal0 [0x00701F74+1187700]
	Ordinal0 [0x00702DC9+1191369]
	GetHandleVerifier [0x00A030D6+1610054]
	GetHandleVerifier [0x00AAB53B+2299307]
	GetHandleVerifier [0x008F8DA9+519705]
	GetHandleVerifier [0x008F7759+513993]
	Ordinal0 [0x0080112D+2232621]
	Ordinal0 [0x008055F8+2250232]
	Ordinal0 [0x00805732+2250546]
	Ordinal0 [0x0080E591+2286993]
	BaseThreadInitThunk [0x7533FA29+25]
	RtlGetAppContainerNamedObjectPath [0x77067A7E+286]
	RtlGetAppContainerNamedObjectPath [0x77067A4E+238]
">
      <![CDATA[org.openqa.selenium.SessionNotCreatedException: session not created
from disconnected: received Inspector.detached event
  (Session info: chrome=93.0.4577.63)
Build info: version: '4.0.0-alpha-7', revision: 'de8579b6d5'
System info: host: 'NB-TAKA', ip: '172.21.16.1', os.name: 'Windows 10', os.arch: 'amd64', os.version: '10.0', java.version: '11.0.11'
Driver info: driver.version: ChromeDriver
remote stacktrace: Backtrace:
Ordinal0 [0x0086A2D3+2663123]
Ordinal0 [0x007FA491+2204817]
Ordinal0 [0x006E2118+1057048]
Ordinal0 [0x006D54F4+1004788]
Ordinal0 [0x006D5136+1003830]
Ordinal0 [0x006D487A+1001594]
Ordinal0 [0x006D3A0D+997901]
Ordinal0 [0x006D3CC6+998598]
Ordinal0 [0x006D35B5+996789]
Ordinal0 [0x006DE1C4+1040836]
Ordinal0 [0x006D3571+996721]
Ordinal0 [0x006D4496+1000598]
Ordinal0 [0x006D3A0D+997901]
Ordinal0 [0x006D3CC6+998598]
Ordinal0 [0x006D35B5+996789]
Ordinal0 [0x006DC1AA+1032618]
Ordinal0 [0x006D3571+996721]
Ordinal0 [0x006D4496+1000598]
Ordinal0 [0x006D3A0D+997901]
Ordinal0 [0x006D3CC6+998598]
Ordinal0 [0x006D35B5+996789]
Ordinal0 [0x006DA039+1024057]
Ordinal0 [0x006D3571+996721]
Ordinal0 [0x006D4496+1000598]
Ordinal0 [0x006D3A0D+997901]
Ordinal0 [0x006D3CC6+998598]
Ordinal0 [0x006D35B5+996789]
Ordinal0 [0x006D935C+1020764]
Ordinal0 [0x006D3571+996721]
Ordinal0 [0x006D4496+1000598]
Ordinal0 [0x006D3A0D+997901]
Ordinal0 [0x006D3CC6+998598]
Ordinal0 [0x006D35B5+996789]
Ordinal0 [0x006CF19D+979357]
Ordinal0 [0x006D3571+996721]
Ordinal0 [0x006D3310+996112]
Ordinal0 [0x006D30A9+995497]
Ordinal0 [0x006E3330+1061680]
Ordinal0 [0x0072AD29+1355049]
Ordinal0 [0x007299FA+1350138]
Ordinal0 [0x0072589B+1333403]
Ordinal0 [0x00701F74+1187700]
Ordinal0 [0x00702DC9+1191369]
GetHandleVerifier [0x00A030D6+1610054]
GetHandleVerifier [0x00AAB53B+2299307]
GetHandleVerifier [0x008F8DA9+519705]
GetHandleVerifier [0x008F7759+513993]
Ordinal0 [0x0080112D+2232621]
Ordinal0 [0x008055F8+2250232]
Ordinal0 [0x00805732+2250546]
Ordinal0 [0x0080E591+2286993]
BaseThreadInitThunk [0x7533FA29+25]
RtlGetAppContainerNamedObjectPath [0x77067A7E+286]
RtlGetAppContainerNamedObjectPath [0x77067A4E+238]

at java.base/jdk.internal.reflect.NativeConstructorAccessorImpl.newInstance0(Native Method)
at java.base/jdk.internal.reflect.NativeConstructorAccessorImpl.newInstance(NativeConstructorAccessorImpl.java:62)
at java.base/jdk.internal.reflect.DelegatingConstructorAccessorImpl.newInstance(DelegatingConstructorAccessorImpl.java:45)
at java.base/java.lang.reflect.Constructor.newInstance(Constructor.java:490)
at org.openqa.selenium.remote.W3CHandshakeResponse.lambda$errorHandler$0(W3CHandshakeResponse.java:62)
at org.openqa.selenium.remote.HandshakeResponse.lambda$getResponseFunction$0(HandshakeResponse.java:30)
at org.openqa.selenium.remote.ProtocolHandshake.lambda$createSession$1(ProtocolHandshake.java:126)
at java.base/java.util.stream.ReferencePipeline$3$1.accept(ReferencePipeline.java:195)
at java.base/java.util.Spliterators$ArraySpliterator.tryAdvance(Spliterators.java:958)
at java.base/java.util.stream.ReferencePipeline.forEachWithCancel(ReferencePipeline.java:127)
at java.base/java.util.stream.AbstractPipeline.copyIntoWithCancel(AbstractPipeline.java:502)
at java.base/java.util.stream.AbstractPipeline.copyInto(AbstractPipeline.java:488)
at java.base/java.util.stream.AbstractPipeline.wrapAndCopyInto(AbstractPipeline.java:474)
at java.base/java.util.stream.FindOps$FindOp.evaluateSequential(FindOps.java:150)
at java.base/java.util.stream.AbstractPipeline.evaluate(AbstractPipeline.java:234)
at java.base/java.util.stream.ReferencePipeline.findFirst(ReferencePipeline.java:543)
at org.openqa.selenium.remote.ProtocolHandshake.createSession(ProtocolHandshake.java:128)
at org.openqa.selenium.remote.ProtocolHandshake.createSession(ProtocolHandshake.java:75)
at org.openqa.selenium.remote.HttpCommandExecutor.execute(HttpCommandExecutor.java:139)
at org.openqa.selenium.remote.service.DriverCommandExecutor.execute(DriverCommandExecutor.java:123)
at org.openqa.selenium.remote.RemoteWebDriver.execute(RemoteWebDriver.java:501)
at org.openqa.selenium.remote.RemoteWebDriver.startSession(RemoteWebDriver.java:207)
at org.openqa.selenium.remote.RemoteWebDriver.<init>(RemoteWebDriver.java:127)
at org.openqa.selenium.chromium.ChromiumDriver.<init>(ChromiumDriver.java:75)
at org.openqa.selenium.chrome.ChromeDriver.<init>(ChromeDriver.java:163)
at org.openqa.selenium.chrome.ChromeDriver.<init>(ChromeDriver.java:150)
at org.openqa.selenium.chrome.ChromeDriver.<init>(ChromeDriver.java:105)
at pages.Base.webdriver(Base.java:19)
at pages.Base.Setup(Base.java:25)
at pages.Base.nevigations(Base.java:33)
at java.base/jdk.internal.reflect.NativeMethodAccessorImpl.invoke0(Native Method)
at java.base/jdk.internal.reflect.NativeMethodAccessorImpl.invoke(NativeMethodAccessorImpl.java:62)
at java.base/jdk.internal.reflect.DelegatingMethodAccessorImpl.invoke(DelegatingMethodAccessorImpl.java:43)
at java.base/java.lang.reflect.Method.invoke(Method.java:566)
at org.testng.internal.MethodInvocationHelper.invokeMethod(MethodInvocationHelper.java:133)
at org.testng.internal.TestInvoker.invokeMethod(TestInvoker.java:598)
at org.testng.internal.TestInvoker.invokeTestMethod(TestInvoker.java:173)
at org.testng.internal.MethodRunner.runInSequence(MethodRunner.java:46)
at org.testng.internal.TestInvoker$MethodInvocationAgent.invoke(TestInvoker.java:824)
at org.testng.internal.TestInvoker.invokeTestMethods(TestInvoker.java:146)
at org.testng.internal.TestMethodWorker.invokeTestMethods(TestMethodWorker.java:146)
at org.testng.internal.TestMethodWorker.run(TestMethodWorker.java:128)
at java.base/java.util.ArrayList.forEach(ArrayList.java:1541)
at org.testng.TestRunner.privateRun(TestRunner.java:794)
at org.testng.TestRunner.run(TestRunner.java:596)
at org.testng.SuiteRunner.runTest(SuiteRunner.java:377)
at org.testng.SuiteRunner.runSequentially(SuiteRunner.java:371)
at org.testng.SuiteRunner.privateRun(SuiteRunner.java:332)
at org.testng.SuiteRunner.run(SuiteRunner.java:276)
at org.testng.SuiteRunnerWorker.runSuite(SuiteRunnerWorker.java:53)
at org.testng.SuiteRunnerWorker.run(SuiteRunnerWorker.java:96)
at org.testng.TestNG.runSuitesSequentially(TestNG.java:1212)
at org.testng.TestNG.runSuitesLocally(TestNG.java:1134)
at org.testng.TestNG.runSuites(TestNG.java:1063)
at org.testng.TestNG.run(TestNG.java:1031)
at org.testng.remote.AbstractRemoteTestNG.run(AbstractRemoteTestNG.java:115)
at org.testng.remote.RemoteTestNG.initAndRun(RemoteTestNG.java:251)
at org.testng.remote.RemoteTestNG.main(RemoteTestNG.java:77)
]]>
    </failure>
  </testcase> <!-- nevigations -->
  <testcase classname="pages.Base" name="pageload" time="0.002"/>
  <testcase classname="pages.Base" name="shortsleep" time="0.002"/>
  <testcase classname="pages.Base" name="webdriver" time="5.509">
    <failure type="org.openqa.selenium.WebDriverException" message="unknown error: Chrome failed to start: exited normally.
  (chrome not reachable)
  (The process started from chrome location C:\Program Files\Google\Chrome\Application\chrome.exe is no longer running, so ChromeDriver is assuming that Chrome has crashed.)
Build info: version: &amp;apos;4.0.0-alpha-7&amp;apos;, revision: &amp;apos;de8579b6d5&amp;apos;
System info: host: &amp;apos;NB-TAKA&amp;apos;, ip: &amp;apos;172.21.16.1&amp;apos;, os.name: &amp;apos;Windows 10&amp;apos;, os.arch: &amp;apos;amd64&amp;apos;, os.version: &amp;apos;10.0&amp;apos;, java.version: &amp;apos;11.0.11&amp;apos;
Driver info: driver.version: ChromeDriver
remote stacktrace: Backtrace:
	Ordinal0 [0x0086A2D3+2663123]
	Ordinal0 [0x007FA491+2204817]
	Ordinal0 [0x006E2118+1057048]
	Ordinal0 [0x006FD28C+1168012]
	Ordinal0 [0x006F9B7F+1153919]
	Ordinal0 [0x00729D8F+1351055]
	Ordinal0 [0x007299FA+1350138]
	Ordinal0 [0x0072589B+1333403]
	Ordinal0 [0x00701F74+1187700]
	Ordinal0 [0x00702DC9+1191369]
	GetHandleVerifier [0x00A030D6+1610054]
	GetHandleVerifier [0x00AAB53B+2299307]
	GetHandleVerifier [0x008F8DA9+519705]
	GetHandleVerifier [0x008F7759+513993]
	Ordinal0 [0x0080112D+2232621]
	Ordinal0 [0x008055F8+2250232]
	Ordinal0 [0x00805732+2250546]
	Ordinal0 [0x0080E591+2286993]
	BaseThreadInitThunk [0x7533FA29+25]
	RtlGetAppContainerNamedObjectPath [0x77067A7E+286]
	RtlGetAppContainerNamedObjectPath [0x77067A4E+238]
">
      <![CDATA[org.openqa.selenium.WebDriverException: unknown error: Chrome failed to start: exited normally.
  (chrome not reachable)
  (The process started from chrome location C:\Program Files\Google\Chrome\Application\chrome.exe is no longer running, so ChromeDriver is assuming that Chrome has crashed.)
Build info: version: '4.0.0-alpha-7', revision: 'de8579b6d5'
System info: host: 'NB-TAKA', ip: '172.21.16.1', os.name: 'Windows 10', os.arch: 'amd64', os.version: '10.0', java.version: '11.0.11'
Driver info: driver.version: ChromeDriver
remote stacktrace: Backtrace:
Ordinal0 [0x0086A2D3+2663123]
Ordinal0 [0x007FA491+2204817]
Ordinal0 [0x006E2118+1057048]
Ordinal0 [0x006FD28C+1168012]
Ordinal0 [0x006F9B7F+1153919]
Ordinal0 [0x00729D8F+1351055]
Ordinal0 [0x007299FA+1350138]
Ordinal0 [0x0072589B+1333403]
Ordinal0 [0x00701F74+1187700]
Ordinal0 [0x00702DC9+1191369]
GetHandleVerifier [0x00A030D6+1610054]
GetHandleVerifier [0x00AAB53B+2299307]
GetHandleVerifier [0x008F8DA9+519705]
GetHandleVerifier [0x008F7759+513993]
Ordinal0 [0x0080112D+2232621]
Ordinal0 [0x008055F8+2250232]
Ordinal0 [0x00805732+2250546]
Ordinal0 [0x0080E591+2286993]
BaseThreadInitThunk [0x7533FA29+25]
RtlGetAppContainerNamedObjectPath [0x77067A7E+286]
RtlGetAppContainerNamedObjectPath [0x77067A4E+238]

at java.base/jdk.internal.reflect.NativeConstructorAccessorImpl.newInstance0(Native Method)
at java.base/jdk.internal.reflect.NativeConstructorAccessorImpl.newInstance(NativeConstructorAccessorImpl.java:62)
at java.base/jdk.internal.reflect.DelegatingConstructorAccessorImpl.newInstance(DelegatingConstructorAccessorImpl.java:45)
at java.base/java.lang.reflect.Constructor.newInstance(Constructor.java:490)
at org.openqa.selenium.remote.W3CHandshakeResponse.lambda$errorHandler$0(W3CHandshakeResponse.java:62)
at org.openqa.selenium.remote.HandshakeResponse.lambda$getResponseFunction$0(HandshakeResponse.java:30)
at org.openqa.selenium.remote.ProtocolHandshake.lambda$createSession$1(ProtocolHandshake.java:126)
at java.base/java.util.stream.ReferencePipeline$3$1.accept(ReferencePipeline.java:195)
at java.base/java.util.Spliterators$ArraySpliterator.tryAdvance(Spliterators.java:958)
at java.base/java.util.stream.ReferencePipeline.forEachWithCancel(ReferencePipeline.java:127)
at java.base/java.util.stream.AbstractPipeline.copyIntoWithCancel(AbstractPipeline.java:502)
at java.base/java.util.stream.AbstractPipeline.copyInto(AbstractPipeline.java:488)
at java.base/java.util.stream.AbstractPipeline.wrapAndCopyInto(AbstractPipeline.java:474)
at java.base/java.util.stream.FindOps$FindOp.evaluateSequential(FindOps.java:150)
at java.base/java.util.stream.AbstractPipeline.evaluate(AbstractPipeline.java:234)
at java.base/java.util.stream.ReferencePipeline.findFirst(ReferencePipeline.java:543)
at org.openqa.selenium.remote.ProtocolHandshake.createSession(ProtocolHandshake.java:128)
at org.openqa.selenium.remote.ProtocolHandshake.createSession(ProtocolHandshake.java:75)
at org.openqa.selenium.remote.HttpCommandExecutor.execute(HttpCommandExecutor.java:139)
at org.openqa.selenium.remote.service.DriverCommandExecutor.execute(DriverCommandExecutor.java:123)
at org.openqa.selenium.remote.RemoteWebDriver.execute(RemoteWebDriver.java:501)
at org.openqa.selenium.remote.RemoteWebDriver.startSession(RemoteWebDriver.java:207)
at org.openqa.selenium.remote.RemoteWebDriver.<init>(RemoteWebDriver.java:127)
at org.openqa.selenium.chromium.ChromiumDriver.<init>(ChromiumDriver.java:75)
at org.openqa.selenium.chrome.ChromeDriver.<init>(ChromeDriver.java:163)
at org.openqa.selenium.chrome.ChromeDriver.<init>(ChromeDriver.java:150)
at org.openqa.selenium.chrome.ChromeDriver.<init>(ChromeDriver.java:105)
at pages.Base.webdriver(Base.java:19)
at java.base/jdk.internal.reflect.NativeMethodAccessorImpl.invoke0(Native Method)
at java.base/jdk.internal.reflect.NativeMethodAccessorImpl.invoke(NativeMethodAccessorImpl.java:62)
at java.base/jdk.internal.reflect.DelegatingMethodAccessorImpl.invoke(DelegatingMethodAccessorImpl.java:43)
at java.base/java.lang.reflect.Method.invoke(Method.java:566)
at org.testng.internal.MethodInvocationHelper.invokeMethod(MethodInvocationHelper.java:133)
at org.testng.internal.TestInvoker.invokeMethod(TestInvoker.java:598)
at org.testng.internal.TestInvoker.invokeTestMethod(TestInvoker.java:173)
at org.testng.internal.MethodRunner.runInSequence(MethodRunner.java:46)
at org.testng.internal.TestInvoker$MethodInvocationAgent.invoke(TestInvoker.java:824)
at org.testng.internal.TestInvoker.invokeTestMethods(TestInvoker.java:146)
at org.testng.internal.TestMethodWorker.invokeTestMethods(TestMethodWorker.java:146)
at org.testng.internal.TestMethodWorker.run(TestMethodWorker.java:128)
at java.base/java.util.ArrayList.forEach(ArrayList.java:1541)
at org.testng.TestRunner.privateRun(TestRunner.java:794)
at org.testng.TestRunner.run(TestRunner.java:596)
at org.testng.SuiteRunner.runTest(SuiteRunner.java:377)
at org.testng.SuiteRunner.runSequentially(SuiteRunner.java:371)
at org.testng.SuiteRunner.privateRun(SuiteRunner.java:332)
at org.testng.SuiteRunner.run(SuiteRunner.java:276)
at org.testng.SuiteRunnerWorker.runSuite(SuiteRunnerWorker.java:53)
at org.testng.SuiteRunnerWorker.run(SuiteRunnerWorker.java:96)
at org.testng.TestNG.runSuitesSequentially(TestNG.java:1212)
at org.testng.TestNG.runSuitesLocally(TestNG.java:1134)
at org.testng.TestNG.runSuites(TestNG.java:1063)
at org.testng.TestNG.run(TestNG.java:1031)
at org.testng.remote.AbstractRemoteTestNG.run(AbstractRemoteTestNG.java:115)
at org.testng.remote.RemoteTestNG.initAndRun(RemoteTestNG.java:251)
at org.testng.remote.RemoteTestNG.main(RemoteTestNG.java:77)
]]>
    </failure>
  </testcase> <!-- webdriver -->
  <testcase classname="pages.SignIn" name="landingpage" time="3.753"/>
  <testcase classname="pages.SignIn" name="verifySignInscreen" time="0.002"/>
  <testcase classname="tests.Signintests" name="Signinwithemptycreds" time="0.002"/>
  <testcase classname="tests.Signintests" name="Signinwithinvalidemailforgotpassword" time="0.002"/>
  <testcase classname="tests.Signintests" name="Signinwithinvalidpassword" time="0.001"/>
  <testcase classname="tests.Signintests" name="Signinwithinvalidusenameandpassword" time="0.002"/>
  <testcase classname="tests.Signintests" name="Signinwithinvalidusername" time="0.001"/>
  <testcase classname="tests.Signintests" name="Signinwithvalidcreds" time="0.002"/>
  <testcase classname="tests.Signintests" name="Signinwithvalidemailforgotpassword" time="0.002"/>
  <testcase classname="pages.Homepage" name="f" time="0.002"/>
</testsuite> <!-- regressionsuite -->
